<?xml version="1.0" encoding="UTF-8"?>
<testsuite xmlns:xsi="http://www.w3.org/2001/XMLSchema-instance" xsi:noNamespaceSchemaLocation="https://maven.apache.org/surefire/maven-surefire-plugin/xsd/surefire-test-report.xsd" version="3.0.2" name="com.example.secureasync.controller.NotificationControllerTest" time="0.951" tests="2" errors="0" skipped="0" failures="0">
  <properties>
[...]
</properties>
  <testcase name="notifyShouldFailWithoutAuth" classname="com.example.secureasync.controller.NotificationControllerTest" time="0.076">
    <system-out><![CDATA[2025-11-30T22:51:47.607Z  INFO 57436 --- [           main] t.c.s.AnnotationConfigContextLoaderUtils : Could not detect default configuration classes for test class [com.example.secureasync.controller.NotificationControllerTest]: NotificationControllerTest does not declare any static, non-private, non-final, nested classes annotated with @Configuration.
2025-11-30T22:51:47.639Z  INFO 57436 --- [           main] .b.t.c.SpringBootTestContextBootstrapper : Found @SpringBootConfiguration com.example.secureasync.SecureAsyncApplication for test class com.example.secureasync.controller.NotificationControllerTest

  .   ____          _            __ _ _
 /\\ / ___'_ __ _ _(_)_ __  __ _ \ \ \ \
( ( )\___ | '_ | '_| | '_ \/ _` | \ \ \ \
 \\/  ___)| |_)| | | | | || (_| |  ) ) ) )
  '  |____| .__|_| |_|_| |_\__, | / / / /
 =========|_|==============|___/=/_/_/_/

 :: Spring Boot ::                (v4.0.0)

2025-11-30T22:51:47.691Z  INFO 57436 --- [           main] c.e.s.c.NotificationControllerTest       : Starting NotificationControllerTest using Java 25.0.1 with PID 57436 (started by sepi00l in /home/sepi00l/Desktop/test/secure-async-notifier)
2025-11-30T22:51:47.691Z  INFO 57436 --- [           main] c.e.s.c.NotificationControllerTest       : No active profile set, falling back to 1 default profile: "default"
2025-11-30T22:51:48.072Z  WARN 57436 --- [           main] o.s.security.core.userdetails.User       : User.withDefaultPasswordEncoder() is considered unsafe for production and is only intended for sample applications.
2025-11-30T22:51:48.129Z  INFO 57436 --- [           main] r$InitializeUserDetailsManagerConfigurer : Global AuthenticationManager configured with UserDetailsService bean with name userDetailsService
2025-11-30T22:51:48.293Z  INFO 57436 --- [           main] o.s.b.t.m.w.SpringBootMockServletContext : Initializing Spring TestDispatcherServlet ''
2025-11-30T22:51:48.293Z  INFO 57436 --- [           main] o.s.t.web.servlet.TestDispatcherServlet  : Initializing Servlet ''
2025-11-30T22:51:48.295Z  INFO 57436 --- [           main] o.s.t.web.servlet.TestDispatcherServlet  : Completed initialization in 2 ms
2025-11-30T22:51:48.314Z  INFO 57436 --- [           main] c.e.s.c.NotificationControllerTest       : Started NotificationControllerTest in 0.662 seconds (process running for 4.116)
]]></system-out>
  </testcase>
  <testcase name="notifyShouldReturnSuccessMessage" classname="com.example.secureasync.controller.NotificationControllerTest" time="0.133"/>
</testsuite>